SF:lib/features/auth/models/token.dart
DA:7,4
DA:12,1
DA:13,3
LF:3
LH:3
end_of_record
SF:lib/features/auth/repositories/token_repository.dart
DA:15,1
DA:17,1
DA:19,3
DA:20,3
DA:22,1
DA:26,1
DA:28,2
DA:29,2
DA:32,1
DA:38,1
DA:40,2
DA:41,2
LF:12
LH:12
end_of_record
SF:lib/features/auth/repositories/auth_user_repository.dart
DA:18,1
DA:23,1
DA:25,2
DA:26,2
DA:27,1
DA:28,2
DA:31,2
DA:32,1
DA:35,2
DA:36,1
DA:37,1
DA:38,1
DA:42,1
DA:44,2
DA:45,2
DA:46,1
DA:47,1
DA:48,1
DA:51,2
DA:52,1
DA:55,2
DA:56,1
DA:57,1
DA:58,1
DA:62,1
DA:64,2
DA:65,2
DA:66,2
DA:69,2
DA:73,2
DA:74,1
DA:75,1
DA:76,1
DA:80,1
DA:82,2
DA:83,2
DA:84,2
DA:87,2
DA:88,1
DA:92,0
DA:94,0
DA:95,0
DA:96,0
DA:99,0
LF:44
LH:39
end_of_record
SF:lib/features/collaborators/models/collaborator.g.dart
DA:13,0
DA:15,0
DA:16,0
DA:17,0
DA:19,0
DA:20,0
DA:21,0
DA:22,0
DA:23,0
DA:24,0
DA:25,0
DA:26,0
DA:30,0
DA:33,0
DA:34,0
DA:35,0
DA:36,0
DA:37,0
DA:38,0
DA:39,0
DA:40,0
DA:41,0
DA:42,0
DA:43,0
DA:44,0
DA:45,0
DA:46,0
DA:47,0
DA:50,0
DA:51,0
DA:53,0
DA:56,0
DA:57,0
DA:58,0
LF:34
LH:0
end_of_record
SF:lib/features/collaborators/models/collaborator.dart
DA:22,3
DA:32,2
DA:33,2
DA:34,2
DA:35,2
DA:36,2
DA:37,6
DA:38,6
DA:39,2
DA:40,2
LF:10
LH:10
end_of_record
SF:lib/features/auth/cubit/auth_state.dart
DA:6,1
DA:8,1
DA:9,1
DA:13,1
DA:14,1
DA:19,1
DA:21,1
DA:22,2
DA:28,1
DA:30,1
DA:31,3
LF:11
LH:11
end_of_record
SF:lib/features/auth/cubit/auth_cubit.dart
DA:17,1
DA:24,2
DA:25,1
DA:26,1
DA:27,0
DA:28,1
DA:31,1
DA:32,2
DA:35,2
DA:36,2
DA:37,2
DA:39,2
DA:45,2
DA:47,2
DA:49,3
DA:53,1
DA:54,2
DA:57,2
DA:58,2
DA:59,2
DA:61,3
DA:65,1
DA:66,2
DA:69,2
DA:71,0
DA:76,3
DA:81,1
DA:83,2
DA:84,2
DA:88,2
DA:89,2
DA:91,0
DA:95,1
DA:96,2
DA:99,2
DA:101,3
DA:102,2
DA:104,2
DA:106,3
DA:110,1
DA:111,2
DA:114,2
DA:119,2
DA:120,2
DA:122,2
DA:128,0
LF:46
LH:42
end_of_record
SF:lib/features/auth/services/local_auth_service.dart
DA:12,0
DA:14,0
DA:17,0
DA:18,0
DA:22,0
DA:25,0
DA:30,0
LF:7
LH:0
end_of_record
SF:lib/features/collaborators/repositories/collaborator_remote_repository.dart
DA:16,1
DA:18,1
DA:20,3
DA:22,2
DA:23,1
DA:26,2
DA:27,4
LF:7
LH:7
end_of_record
SF:lib/features/collaborators/cubit/collaborator_list_state.dart
DA:6,1
DA:7,1
DA:12,1
DA:13,1
DA:14,2
DA:19,1
DA:20,1
DA:21,2
LF:8
LH:8
end_of_record
SF:lib/features/collaborators/cubit/collaborator_list_cubit.dart
DA:15,1
DA:22,2
DA:23,3
DA:24,2
DA:32,1
DA:34,1
DA:35,2
DA:38,1
DA:39,2
DA:43,2
DA:44,2
DA:46,2
DA:47,2
DA:50,2
DA:54,1
DA:55,1
DA:56,2
DA:61,1
DA:64,1
DA:67,1
DA:68,1
DA:70,3
DA:71,1
DA:72,1
LF:24
LH:24
end_of_record
SF:lib/features/collaborators/repositories/collaborator_local_repository.dart
DA:17,0
DA:19,0
DA:21,0
DA:24,0
DA:26,0
DA:29,0
DA:31,0
DA:34,0
DA:36,0
DA:39,0
DA:41,0
LF:11
LH:0
end_of_record
SF:lib/features/collaborators/services/notification_service.dart
DA:30,0
DA:32,0
DA:33,0
DA:41,0
DA:45,0
DA:46,0
DA:47,0
DA:49,0
DA:50,0
DA:57,0
DA:60,0
DA:61,0
DA:63,0
DA:64,0
DA:70,0
DA:73,0
DA:74,0
DA:75,0
DA:76,0
DA:78,0
DA:79,0
LF:21
LH:0
end_of_record
